============================================================
  Generated by:           Genus(TM) Synthesis Solution 16.12-s027_1
  Generated on:           Feb 14 2025  07:01:30 pm
  Module:                 top_top
  Technology libraries:   CLOCK65LPLVT 
                          CORE65LPLVT 
                          SPHD110420 
                          PAD 
  Operating conditions:   typical (balanced_tree)
  Wireload mode:          enclosed
  Area mode:              timing library
============================================================

                                         
       Gate        Instances     Area        Library     
---------------------------------------------------------
CPAD_S_74x50u_IN          13   58240.000    PAD          
CPAD_S_74x50u_OUT         11   49280.000    PAD          
HS65_LLS_XNOR2X6           4      16.640    CORE65LPLVT  
HS65_LLS_XOR2X6           14      58.240    CORE65LPLVT  
HS65_LL_AND2X4           120     312.000    CORE65LPLVT  
HS65_LL_AND3X9             2       7.280    CORE65LPLVT  
HS65_LL_AO12X9             2       7.280    CORE65LPLVT  
HS65_LL_AO212X4            1       4.680    CORE65LPLVT  
HS65_LL_AO222X4           32     183.040    CORE65LPLVT  
HS65_LL_AO22X9             1       4.160    CORE65LPLVT  
HS65_LL_AO32X4             2       9.360    CORE65LPLVT  
HS65_LL_BFX4              10      20.800    CORE65LPLVT  
HS65_LL_BFX9               6      12.480    CORE65LPLVT  
HS65_LL_CBI4I6X5           1       3.640    CORE65LPLVT  
HS65_LL_CNIVX7            15      23.400    CLOCK65LPLVT 
HS65_LL_DFPRQX4            2      20.800    CORE65LPLVT  
HS65_LL_DFPRQX9          123    1279.200    CORE65LPLVT  
HS65_LL_FA1X4            116    1085.760    CORE65LPLVT  
HS65_LL_HA1X4             43     223.600    CORE65LPLVT  
HS65_LL_IVX4               7      10.920    CORE65LPLVT  
HS65_LL_IVX7               1       1.560    CORE65LPLVT  
HS65_LL_IVX9              75     117.000    CORE65LPLVT  
HS65_LL_MUX21I1X6          4      16.640    CORE65LPLVT  
HS65_LL_MUX21X4            3      12.480    CORE65LPLVT  
HS65_LL_MUXI21X2           4      14.560    CORE65LPLVT  
HS65_LL_MX41X4            18     140.400    CORE65LPLVT  
HS65_LL_NAND2AX7           4      12.480    CORE65LPLVT  
HS65_LL_NAND2X5            1       2.080    CORE65LPLVT  
HS65_LL_NAND2X7           93     193.440    CORE65LPLVT  
HS65_LL_NAND3X5            1       2.600    CORE65LPLVT  
HS65_LL_NOR2AX3            7      18.200    CORE65LPLVT  
HS65_LL_NOR2X5             1       2.080    CORE65LPLVT  
HS65_LL_NOR2X6            11      22.880    CORE65LPLVT  
HS65_LL_OAI22X6            2       7.280    CORE65LPLVT  
HS65_LL_OAI32X5            1       4.160    CORE65LPLVT  
HS65_LL_OR2X4              1       3.120    CORE65LPLVT  
HS65_LL_OR2X9              1       3.120    CORE65LPLVT  
HS65_LL_PAOI2X1            8      29.120    CORE65LPLVT  
HS65_LL_SDFPRQNX9          1      12.480    CORE65LPLVT  
HS65_LL_SDFPRQX9         282    3519.360    CORE65LPLVT  
---------------------------------------------------------
total                   1044  114938.320                 


   Library   Instances    Area    Instances % 
----------------------------------------------
CLOCK65LPLVT        15     23.400         1.4 
CORE65LPLVT       1005   7394.920        96.3 
PAD                 24 107520.000         2.3 

                                           
     Type      Instances    Area    Area % 
-------------------------------------------
timing_model          24 107520.000   93.5 
sequential           408   4831.840    4.2 
inverter              98    152.880    0.1 
buffer                16     33.280    0.0 
unresolved             1      0.000    0.0 
logic                498   2400.320    2.1 
physical_cells         0      0.000    0.0 
-------------------------------------------
total               1045 114938.320  100.0 

