============================================================
  Generated by:           Genus(TM) Synthesis Solution 16.12-s027_1
  Generated on:           Feb 19 2025  05:09:02 pm
  Module:                 top_top
  Technology libraries:   CLOCK65LPLVT 
                          CORE65LPLVT 
                          SPHD110420 
                          PAD 
  Operating conditions:   typical (balanced_tree)
  Wireload mode:          enclosed
  Area mode:              timing library
============================================================

Timing
--------

Clock  Period 
--------------
clk   10000.0 


  Cost    Critical       Violating 
 Group   Path Slack TNS    Paths   
-----------------------------------
default      3181.9   0          0 
-----------------------------------
Total                 0          0 

Instance Count
--------------
Leaf Instance Count             1051 
Sequential Instance Count        409 
Combinational Instance Count     642 
Hierarchical Instance Count       11 

Area
----
Cell Area                          127446.040
Physical Cell Area                 0.000
Total Cell Area (Cell+Physical)    127446.040
Net Area                           0.000
Total Area (Cell+Physical+Net)     127446.040

Max Fanout                         409 (clk_core)
Min Fanout                         0 (rst_core)
Average Fanout                     2.3
Terms to net ratio                 3.6749
Terms to instance ratio            4.3882
Runtime                            22.027113 seconds
Elapsed Runtime                    41 seconds
Genus peak memory usage            735.82 
Innovus peak memory usage          no_value 
Hostname                           toke.fransg.eit.lth.se
