#! /c/Source/iverilog-install/bin/vvp
:ivl_version "12.0 (devel)" "(s20150603-1539-g2693dd32b)";
:ivl_delay_selection "TYPICAL";
:vpi_time_precision + 0;
:vpi_module "E:\Xilinx\iverilog\lib\ivl\system.vpi";
:vpi_module "E:\Xilinx\iverilog\lib\ivl\vhdl_sys.vpi";
:vpi_module "E:\Xilinx\iverilog\lib\ivl\vhdl_textio.vpi";
:vpi_module "E:\Xilinx\iverilog\lib\ivl\v2005_math.vpi";
:vpi_module "E:\Xilinx\iverilog\lib\ivl\va_math.vpi";
S_000002185e736160 .scope module, "ALU" "ALU" 2 1;
 .timescale 0 0;
    .port_info 0 /INPUT 1 "clk";
    .port_info 1 /INPUT 1 "rst";
    .port_info 2 /INPUT 14 "A_input";
    .port_info 3 /INPUT 64 "X_reg1";
    .port_info 4 /INPUT 64 "X_reg2";
    .port_info 5 /INPUT 64 "X_reg3";
    .port_info 6 /INPUT 64 "X_reg4";
    .port_info 7 /INPUT 1 "ALU_en";
    .port_info 8 /OUTPUT 1 "X_shift";
    .port_info 9 /OUTPUT 18 "MU1";
    .port_info 10 /OUTPUT 18 "MU2";
    .port_info 11 /OUTPUT 18 "MU3";
    .port_info 12 /OUTPUT 18 "MU4";
    .port_info 13 /OUTPUT 4 "rom_addr";
    .port_info 14 /OUTPUT 3 "count_mul";
    .port_info 15 /OUTPUT 1 "web";
    .port_info 16 /OUTPUT 1 "ALU_done";
v000002185e736690_0 .var "ALU_done", 0 0;
o000002185e795f88 .functor BUFZ 1, C4<z>; HiZ drive
v000002185e7362f0_0 .net "ALU_en", 0 0, o000002185e795f88;  0 drivers
o000002185e795fb8 .functor BUFZ 14, C4<zzzzzzzzzzzzzz>; HiZ drive
v000002185e736390_0 .net "A_input", 13 0, o000002185e795fb8;  0 drivers
v000002185e736430_0 .var "MU1", 17 0;
v000002185e7e6fe0_0 .var "MU1_r_next", 17 0;
v000002185e7e7080_0 .var "MU2", 17 0;
v000002185e7e7120_0 .var "MU2_r_next", 17 0;
v000002185e7e71c0_0 .var "MU3", 17 0;
v000002185e7e7260_0 .var "MU3_r_next", 17 0;
v000002185e7e7300_0 .var "MU4", 17 0;
v000002185e7e73a0_0 .var "MU4_r_next", 17 0;
o000002185e796168 .functor BUFZ 64, C4<zzzzzzzzzzzzzzzzzzzzzzzzzzzzzzzzzzzzzzzzzzzzzzzzzzzzzzzzzzzzzzzz>; HiZ drive
v000002185e7e7440_0 .net "X_reg1", 63 0, o000002185e796168;  0 drivers
o000002185e796198 .functor BUFZ 64, C4<zzzzzzzzzzzzzzzzzzzzzzzzzzzzzzzzzzzzzzzzzzzzzzzzzzzzzzzzzzzzzzzz>; HiZ drive
v000002185e783530_0 .net "X_reg2", 63 0, o000002185e796198;  0 drivers
o000002185e7961c8 .functor BUFZ 64, C4<zzzzzzzzzzzzzzzzzzzzzzzzzzzzzzzzzzzzzzzzzzzzzzzzzzzzzzzzzzzzzzzz>; HiZ drive
v000002185e783170_0 .net "X_reg3", 63 0, o000002185e7961c8;  0 drivers
o000002185e7961f8 .functor BUFZ 64, C4<zzzzzzzzzzzzzzzzzzzzzzzzzzzzzzzzzzzzzzzzzzzzzzzzzzzzzzzzzzzzzzzz>; HiZ drive
v000002185e783990_0 .net "X_reg4", 63 0, o000002185e7961f8;  0 drivers
v000002185e783850_0 .var "X_shift", 0 0;
v000002185e783210_0 .var "X_shift_next", 0 0;
o000002185e796288 .functor BUFZ 1, C4<z>; HiZ drive
v000002185e7832b0_0 .net "clk", 0 0, o000002185e796288;  0 drivers
v000002185e783710_0 .var "count_mul", 2 0;
v000002185e783350_0 .var "count_mul_next", 2 0;
v000002185e783670_0 .net "data_even", 6 0, L_000002185e783490;  1 drivers
v000002185e783a30_0 .net "data_odd", 6 0, L_000002185e782d10;  1 drivers
v000002185e7835d0_0 .var "global_counter", 4 0;
v000002185e782c70_0 .var "global_counter_next", 4 0;
v000002185e7833f0_0 .var "rom_addr", 3 0;
v000002185e7830d0_0 .var "rom_addr_next", 3 0;
o000002185e796438 .functor BUFZ 1, C4<z>; HiZ drive
v000002185e7837b0_0 .net "rst", 0 0, o000002185e796438;  0 drivers
v000002185e783ad0_0 .var "web", 0 0;
E_000002185e77c6a0/0 .event anyedge, v000002185e7362f0_0, v000002185e783710_0, v000002185e7835d0_0, v000002185e7833f0_0;
E_000002185e77c6a0/1 .event anyedge, v000002185e783670_0, v000002185e7e7440_0, v000002185e736430_0, v000002185e783530_0;
E_000002185e77c6a0/2 .event anyedge, v000002185e7e7080_0, v000002185e783170_0, v000002185e7e71c0_0, v000002185e783990_0;
E_000002185e77c6a0/3 .event anyedge, v000002185e7e7300_0, v000002185e783a30_0;
E_000002185e77c6a0 .event/or E_000002185e77c6a0/0, E_000002185e77c6a0/1, E_000002185e77c6a0/2, E_000002185e77c6a0/3;
E_000002185e77cfe0/0 .event negedge, v000002185e7837b0_0;
E_000002185e77cfe0/1 .event posedge, v000002185e7832b0_0;
E_000002185e77cfe0 .event/or E_000002185e77cfe0/0, E_000002185e77cfe0/1;
L_000002185e782d10 .part o000002185e795fb8, 7, 7;
L_000002185e783490 .part o000002185e795fb8, 0, 7;
    .scope S_000002185e736160;
T_0 ;
    %wait E_000002185e77cfe0;
    %load/vec4 v000002185e7837b0_0;
    %nor/r;
    %flag_set/vec4 8;
    %jmp/0xz  T_0.0, 8;
    %pushi/vec4 0, 0, 18;
    %assign/vec4 v000002185e736430_0, 0;
    %pushi/vec4 0, 0, 18;
    %assign/vec4 v000002185e7e7080_0, 0;
    %pushi/vec4 0, 0, 18;
    %assign/vec4 v000002185e7e71c0_0, 0;
    %pushi/vec4 0, 0, 18;
    %assign/vec4 v000002185e7e7300_0, 0;
    %pushi/vec4 0, 0, 1;
    %assign/vec4 v000002185e783850_0, 0;
    %pushi/vec4 0, 0, 4;
    %assign/vec4 v000002185e7833f0_0, 0;
    %pushi/vec4 0, 0, 3;
    %assign/vec4 v000002185e783710_0, 0;
    %pushi/vec4 0, 0, 5;
    %assign/vec4 v000002185e7835d0_0, 0;
    %pushi/vec4 0, 0, 1;
    %assign/vec4 v000002185e783ad0_0, 0;
    %pushi/vec4 0, 0, 1;
    %assign/vec4 v000002185e736690_0, 0;
    %jmp T_0.1;
T_0.0 ;
    %load/vec4 v000002185e783350_0;
    %assign/vec4 v000002185e783710_0, 0;
    %load/vec4 v000002185e782c70_0;
    %assign/vec4 v000002185e7835d0_0, 0;
    %load/vec4 v000002185e783210_0;
    %assign/vec4 v000002185e783850_0, 0;
    %load/vec4 v000002185e7830d0_0;
    %assign/vec4 v000002185e7833f0_0, 0;
    %load/vec4 v000002185e7e6fe0_0;
    %assign/vec4 v000002185e736430_0, 0;
    %load/vec4 v000002185e7e7120_0;
    %assign/vec4 v000002185e7e7080_0, 0;
    %load/vec4 v000002185e7e7260_0;
    %assign/vec4 v000002185e7e71c0_0, 0;
    %load/vec4 v000002185e7e73a0_0;
    %assign/vec4 v000002185e7e7300_0, 0;
T_0.1 ;
    %jmp T_0;
    .thread T_0;
    .scope S_000002185e736160;
T_1 ;
    %wait E_000002185e77c6a0;
    %load/vec4 v000002185e7362f0_0;
    %pad/u 32;
    %cmpi/e 1, 0, 32;
    %jmp/0xz  T_1.0, 4;
    %pushi/vec4 1, 0, 1;
    %store/vec4 v000002185e783210_0, 0, 1;
    %load/vec4 v000002185e783710_0;
    %addi 1, 0, 3;
    %store/vec4 v000002185e783350_0, 0, 3;
    %load/vec4 v000002185e7835d0_0;
    %addi 1, 0, 5;
    %store/vec4 v000002185e782c70_0, 0, 5;
    %load/vec4 v000002185e783710_0;
    %parti/s 1, 0, 2;
    %pad/u 32;
    %cmpi/e 1, 0, 32;
    %jmp/0xz  T_1.2, 4;
    %load/vec4 v000002185e7833f0_0;
    %addi 1, 0, 4;
    %store/vec4 v000002185e7830d0_0, 0, 4;
    %load/vec4 v000002185e783670_0;
    %pad/u 18;
    %load/vec4 v000002185e7e7440_0;
    %parti/s 8, 56, 7;
    %pad/u 18;
    %mul;
    %load/vec4 v000002185e736430_0;
    %add;
    %store/vec4 v000002185e7e6fe0_0, 0, 18;
    %load/vec4 v000002185e783670_0;
    %pad/u 18;
    %load/vec4 v000002185e783530_0;
    %parti/s 8, 56, 7;
    %pad/u 18;
    %mul;
    %load/vec4 v000002185e7e7080_0;
    %add;
    %store/vec4 v000002185e7e7120_0, 0, 18;
    %load/vec4 v000002185e783670_0;
    %pad/u 18;
    %load/vec4 v000002185e783170_0;
    %parti/s 8, 56, 7;
    %pad/u 18;
    %mul;
    %load/vec4 v000002185e7e71c0_0;
    %add;
    %store/vec4 v000002185e7e7260_0, 0, 18;
    %load/vec4 v000002185e783670_0;
    %pad/u 18;
    %load/vec4 v000002185e783990_0;
    %parti/s 8, 56, 7;
    %pad/u 18;
    %mul;
    %load/vec4 v000002185e7e7300_0;
    %add;
    %store/vec4 v000002185e7e73a0_0, 0, 18;
    %load/vec4 v000002185e783710_0;
    %cmpi/e 7, 0, 3;
    %jmp/0xz  T_1.4, 4;
    %pushi/vec4 1, 0, 1;
    %store/vec4 v000002185e783ad0_0, 0, 1;
    %load/vec4 v000002185e7835d0_0;
    %cmpi/e 31, 0, 5;
    %jmp/0xz  T_1.6, 4;
    %pushi/vec4 1, 0, 1;
    %store/vec4 v000002185e736690_0, 0, 1;
    %jmp T_1.7;
T_1.6 ;
    %pushi/vec4 0, 0, 1;
    %store/vec4 v000002185e736690_0, 0, 1;
T_1.7 ;
    %jmp T_1.5;
T_1.4 ;
    %pushi/vec4 0, 0, 1;
    %store/vec4 v000002185e783ad0_0, 0, 1;
T_1.5 ;
    %jmp T_1.3;
T_1.2 ;
    %pushi/vec4 0, 0, 1;
    %store/vec4 v000002185e736690_0, 0, 1;
    %pushi/vec4 0, 0, 1;
    %store/vec4 v000002185e783ad0_0, 0, 1;
    %load/vec4 v000002185e783a30_0;
    %pad/u 18;
    %load/vec4 v000002185e7e7440_0;
    %parti/s 8, 56, 7;
    %pad/u 18;
    %mul;
    %load/vec4 v000002185e736430_0;
    %add;
    %store/vec4 v000002185e7e6fe0_0, 0, 18;
    %load/vec4 v000002185e783a30_0;
    %pad/u 18;
    %load/vec4 v000002185e783530_0;
    %parti/s 8, 56, 7;
    %pad/u 18;
    %mul;
    %load/vec4 v000002185e7e7080_0;
    %add;
    %store/vec4 v000002185e7e7120_0, 0, 18;
    %load/vec4 v000002185e783a30_0;
    %pad/u 18;
    %load/vec4 v000002185e783170_0;
    %parti/s 8, 56, 7;
    %pad/u 18;
    %mul;
    %load/vec4 v000002185e7e71c0_0;
    %add;
    %store/vec4 v000002185e7e7260_0, 0, 18;
    %load/vec4 v000002185e783a30_0;
    %pad/u 18;
    %load/vec4 v000002185e783990_0;
    %parti/s 8, 56, 7;
    %pad/u 18;
    %mul;
    %load/vec4 v000002185e7e7300_0;
    %add;
    %store/vec4 v000002185e7e73a0_0, 0, 18;
T_1.3 ;
    %jmp T_1.1;
T_1.0 ;
    %pushi/vec4 0, 0, 1;
    %store/vec4 v000002185e783210_0, 0, 1;
    %pushi/vec4 0, 0, 5;
    %store/vec4 v000002185e782c70_0, 0, 5;
    %pushi/vec4 0, 0, 3;
    %store/vec4 v000002185e783350_0, 0, 3;
    %pushi/vec4 0, 0, 1;
    %store/vec4 v000002185e783ad0_0, 0, 1;
    %pushi/vec4 0, 0, 1;
    %store/vec4 v000002185e736690_0, 0, 1;
    %pushi/vec4 0, 0, 18;
    %store/vec4 v000002185e7e6fe0_0, 0, 18;
    %pushi/vec4 0, 0, 18;
    %store/vec4 v000002185e7e7120_0, 0, 18;
    %pushi/vec4 0, 0, 18;
    %store/vec4 v000002185e7e7260_0, 0, 18;
    %pushi/vec4 0, 0, 18;
    %store/vec4 v000002185e7e73a0_0, 0, 18;
T_1.1 ;
    %jmp T_1;
    .thread T_1, $push;
# The file index is used to find the file name in the following table.
:file_names 3;
    "N/A";
    "<interactive>";
    "ALU.v";
